<<<<<<< Updated upstream
09-11-2023 17:46Child process 13479 terminated
09-11-2023 17:51 Child process 13523 terminated
09-11-2023 17:51 Child process 13527 terminated
09-11-2023 17:52 Child process 13540 terminated
09-11-2023 17:52 Child process 13541 terminated
09-11-2023 18:08 Child process 13801 terminated
09-11-2023 18:08 Child process 13802 terminated
09-11-2023 18:09 Child process 13809 terminated
09-11-2023 18:10 Child process 13830 terminated
09-11-2023 19:36 Child process 13912 terminated
09-11-2023 19:43 Child process 14088 terminated
09-11-2023 19:44 Child process 14135 terminated
09-11-2023 19:57 Child process 14471 terminated
09-11-2023 19:58 Child process 14493 terminated
09-11-2023 20:05 Child process 14570 terminated
09-11-2023 20:06 Child process 14578 terminated
09-11-2023 20:06 Child process 14599 terminated
09-11-2023 20:15 Child process 14896 terminated
09-11-2023 20:16 Child process 14935 terminated
09-11-2023 20:16 Child process 14936 terminated
09-11-2023 20:17 Child process 14963 terminated
09-11-2023 20:17 Child process 14964 terminated
09-11-2023 20:19 Child process 14999 terminated
09-11-2023 20:22 Child process 15044 terminated
09-11-2023 20:31 Child process 15306 terminated
09-11-2023 20:31 Child process 15317 terminated
09-11-2023 20:31 Child process 15328 terminated
09-11-2023 20:41 Child process 15648 terminated
09-11-2023 20:42 Child process 15655 terminated
09-11-2023 20:42 Child process 15656 terminated
09-11-2023 20:42 Child process 15659 terminated
09-11-2023 20:42 Child process 15661 terminated
09-11-2023 20:42 Child process 15663 terminated
09-11-2023 20:42 Child process 15664 terminated
09-11-2023 21:01 Child process 16311 terminated
09-11-2023 21:03 Child process 16344 terminated
=======
09-11-2023 23:53 Child process 19704 terminated
>>>>>>> Stashed changes
10-11-2023 00:03 Child process 19929 terminated
10-11-2023 00:03 Child process 19930 terminated
10-11-2023 00:30 Child process 20620 terminated
10-11-2023 00:31 Child process 20646 terminated
10-11-2023 00:37 Child process 20739 terminated
10-11-2023 12:18 Child process 4674 terminated
10-11-2023 12:19 Child process 4699 terminated
10-11-2023 12:24 Child process 4878 terminated
10-11-2023 12:28 Child process 5060 terminated
10-11-2023 12:38 Child process 5358 terminated
10-11-2023 12:39 Child process 5367 terminated
10-11-2023 12:39 Child process 5390 terminated
10-11-2023 12:42 Child process 5434 terminated
10-11-2023 12:45 Child process 5500 terminated
10-11-2023 12:51 Child process 5744 terminated
10-11-2023 15:44 Child process 7216 terminated
10-11-2023 15:45 Child process 7270 terminated
10-11-2023 15:53 Child process 7554 terminated
10-11-2023 15:54 Child process 7614 terminated
10-11-2023 16:19 Child process 8381 terminated
10-11-2023 16:20 Child process 8384 terminated
10-11-2023 16:31 Child process 8726 terminated
10-11-2023 16:43 Child process 9028 terminated
10-11-2023 16:43 Child process 9031 terminated
10-11-2023 16:43 Child process 9032 terminated
10-11-2023 16:52 Child process 9177 terminated
10-11-2023 16:52 Child process 9178 terminated
10-11-2023 17:59 Child process 10710 terminated
10-11-2023 17:59 Child process 10711 terminated
